2019-12-16 00:02:55.488  INFO 51588 --- [restartedMain] com.invillia.acme.InvilliaApplication    : Starting InvilliaApplication on DESKTOP-70POKHP with PID 51588 (started by junior in C:\desafio invillia\backend-challenge)
2019-12-16 00:02:55.503  INFO 51588 --- [restartedMain] com.invillia.acme.InvilliaApplication    : No active profile set, falling back to default profiles: default
2019-12-16 00:02:55.624  INFO 51588 --- [restartedMain] .e.DevToolsPropertyDefaultsPostProcessor : Devtools property defaults active! Set 'spring.devtools.add-properties' to 'false' to disable
2019-12-16 00:02:55.626  INFO 51588 --- [restartedMain] .e.DevToolsPropertyDefaultsPostProcessor : For additional web related logging consider setting the 'logging.level.web' property to 'DEBUG'
2019-12-16 00:02:58.406  INFO 51588 --- [restartedMain] .s.d.r.c.RepositoryConfigurationDelegate : Bootstrapping Spring Data repositories in DEFAULT mode.
2019-12-16 00:02:58.483  INFO 51588 --- [restartedMain] .s.d.r.c.RepositoryConfigurationDelegate : Finished Spring Data repository scanning in 59ms. Found 0 repository interfaces.
2019-12-16 00:02:59.288  INFO 51588 --- [restartedMain] trationDelegate$BeanPostProcessorChecker : Bean 'org.springframework.transaction.annotation.ProxyTransactionManagementConfiguration' of type [org.springframework.transaction.annotation.ProxyTransactionManagementConfiguration$$EnhancerBySpringCGLIB$$734478f0] is not eligible for getting processed by all BeanPostProcessors (for example: not eligible for auto-proxying)
2019-12-16 00:03:00.135  INFO 51588 --- [restartedMain] o.s.b.w.embedded.tomcat.TomcatWebServer  : Tomcat initialized with port(s): 8080 (http)
2019-12-16 00:03:00.172  INFO 51588 --- [restartedMain] o.apache.catalina.core.StandardService   : Starting service [Tomcat]
2019-12-16 00:03:00.173  INFO 51588 --- [restartedMain] org.apache.catalina.core.StandardEngine  : Starting Servlet Engine: Apache Tomcat/9.0.12
2019-12-16 00:03:00.188  INFO 51588 --- [restartedMain] o.a.catalina.core.AprLifecycleListener   : The APR based Apache Tomcat Native library which allows optimal performance in production environments was not found on the java.library.path: [C:\Program Files\Java\jdk1.8.0_211\bin;C:\WINDOWS\Sun\Java\bin;C:\WINDOWS\system32;C:\WINDOWS;C:/Program Files/Java/jre1.8.0_211/bin/server;C:/Program Files/Java/jre1.8.0_211/bin;C:/Program Files/Java/jre1.8.0_211/lib/amd64;C:\ProgramData\DockerDesktop\version-bin;C:\Program Files\Docker\Docker\Resources\bin;C:\Program Files (x86)\Common Files\Oracle\Java\javapath;C:\WINDOWS\system32;C:\WINDOWS;C:\WINDOWS\System32\Wbem;C:\WINDOWS\System32\WindowsPowerShell\v1.0\;C:\WINDOWS\System32\OpenSSH\;C:\Users\junior\AppData\Local\Microsoft\WindowsApps;C:\Program Files\MongoDB\Server\4.2\bin;;C:\Users\junior\Downloads\spring-tool-suite-4-4.4.0.RELEASE-e4.13.0-win32.win32.x86_64\sts-4.4.0.RELEASE;;.]
2019-12-16 00:03:00.517  INFO 51588 --- [restartedMain] o.a.c.c.C.[Tomcat].[localhost].[/]       : Initializing Spring embedded WebApplicationContext
2019-12-16 00:03:00.518 DEBUG 51588 --- [restartedMain] o.s.web.context.ContextLoader            : Published root WebApplicationContext as ServletContext attribute with name [org.springframework.web.context.WebApplicationContext.ROOT]
2019-12-16 00:03:00.520  INFO 51588 --- [restartedMain] o.s.web.context.ContextLoader            : Root WebApplicationContext: initialization completed in 4892 ms
2019-12-16 00:03:00.595  INFO 51588 --- [restartedMain] o.s.b.w.servlet.ServletRegistrationBean  : Servlet dispatcherServlet mapped to [/]
2019-12-16 00:03:00.606  INFO 51588 --- [restartedMain] o.s.b.w.servlet.FilterRegistrationBean   : Mapping filter: 'characterEncodingFilter' to: [/*]
2019-12-16 00:03:00.607  INFO 51588 --- [restartedMain] o.s.b.w.servlet.FilterRegistrationBean   : Mapping filter: 'hiddenHttpMethodFilter' to: [/*]
2019-12-16 00:03:00.609  INFO 51588 --- [restartedMain] o.s.b.w.servlet.FilterRegistrationBean   : Mapping filter: 'formContentFilter' to: [/*]
2019-12-16 00:03:00.611  INFO 51588 --- [restartedMain] o.s.b.w.servlet.FilterRegistrationBean   : Mapping filter: 'requestContextFilter' to: [/*]
2019-12-16 00:03:00.892  INFO 51588 --- [restartedMain] com.zaxxer.hikari.HikariDataSource       : HikariPool-1 - Starting...
2019-12-16 00:03:01.165  INFO 51588 --- [restartedMain] com.zaxxer.hikari.HikariDataSource       : HikariPool-1 - Start completed.
2019-12-16 00:03:01.429  INFO 51588 --- [restartedMain] o.hibernate.jpa.internal.util.LogHelper  : HHH000204: Processing PersistenceUnitInfo [
	name: default
	...]
2019-12-16 00:03:01.750  INFO 51588 --- [restartedMain] org.hibernate.Version                    : HHH000412: Hibernate Core {5.3.7.Final}
2019-12-16 00:03:01.756  INFO 51588 --- [restartedMain] org.hibernate.cfg.Environment            : HHH000206: hibernate.properties not found
2019-12-16 00:03:02.190  INFO 51588 --- [restartedMain] o.hibernate.annotations.common.Version   : HCANN000001: Hibernate Commons Annotations {5.0.4.Final}
2019-12-16 00:03:02.631  INFO 51588 --- [restartedMain] org.hibernate.dialect.Dialect            : HHH000400: Using dialect: org.hibernate.dialect.PostgreSQLDialect
2019-12-16 00:03:02.999  INFO 51588 --- [restartedMain] o.h.e.j.e.i.LobCreatorBuilderImpl        : HHH000421: Disabling contextual LOB creation as hibernate.jdbc.lob.non_contextual_creation is true
2019-12-16 00:03:03.013  INFO 51588 --- [restartedMain] org.hibernate.type.BasicTypeRegistry     : HHH000270: Type registration [java.util.UUID] overrides previous : org.hibernate.type.UUIDBinaryType@7dfa4776
2019-12-16 00:03:04.857  INFO 51588 --- [restartedMain] j.LocalContainerEntityManagerFactoryBean : Initialized JPA EntityManagerFactory for persistence unit 'default'
2019-12-16 00:03:04.949  WARN 51588 --- [restartedMain] o.s.b.d.a.OptionalLiveReloadServer       : Unable to start LiveReload server
2019-12-16 00:03:05.619  WARN 51588 --- [restartedMain] aWebConfiguration$JpaWebMvcConfiguration : spring.jpa.open-in-view is enabled by default. Therefore, database queries may be performed during view rendering. Explicitly configure spring.jpa.open-in-view to disable this warning
2019-12-16 00:03:05.747 DEBUG 51588 --- [restartedMain] s.w.s.m.m.a.RequestMappingHandlerMapping : 14 mappings in 'requestMappingHandlerMapping'
2019-12-16 00:03:05.913  INFO 51588 --- [restartedMain] pertySourcedRequestMappingHandlerMapping : Mapped URL path [/v2/api-docs] onto method [public org.springframework.http.ResponseEntity<springfox.documentation.spring.web.json.Json> springfox.documentation.swagger2.web.Swagger2Controller.getDocumentation(java.lang.String,javax.servlet.http.HttpServletRequest)]
2019-12-16 00:03:06.019 DEBUG 51588 --- [restartedMain] o.s.w.s.handler.SimpleUrlHandlerMapping  : Patterns [/**/favicon.ico] in 'faviconHandlerMapping'
2019-12-16 00:03:06.245  INFO 51588 --- [restartedMain] o.s.s.concurrent.ThreadPoolTaskExecutor  : Initializing ExecutorService 'applicationTaskExecutor'
2019-12-16 00:03:06.291 DEBUG 51588 --- [restartedMain] s.w.s.m.m.a.RequestMappingHandlerAdapter : ControllerAdvice beans: 0 @ModelAttribute, 0 @InitBinder, 1 RequestBodyAdvice, 1, ResponseBodyAdvice
2019-12-16 00:03:06.365 DEBUG 51588 --- [restartedMain] o.s.w.s.handler.SimpleUrlHandlerMapping  : Patterns [/webjars/**, /**] in 'resourceHandlerMapping'
2019-12-16 00:03:06.387 DEBUG 51588 --- [restartedMain] .m.m.a.ExceptionHandlerExceptionResolver : ControllerAdvice beans: 0 @ExceptionHandler, 1 ResponseBodyAdvice
2019-12-16 00:03:06.721  INFO 51588 --- [restartedMain] d.s.w.p.DocumentationPluginsBootstrapper : Context refreshed
2019-12-16 00:03:06.768  INFO 51588 --- [restartedMain] d.s.w.p.DocumentationPluginsBootstrapper : Found 1 custom documentation plugin(s)
2019-12-16 00:03:06.855  INFO 51588 --- [restartedMain] s.d.s.w.s.ApiListingReferenceScanner     : Scanning for api listing references
2019-12-16 00:03:07.173  INFO 51588 --- [restartedMain] .d.s.w.r.o.CachingOperationNameGenerator : Generating unique operation named: CreateUsingPOST_1
2019-12-16 00:03:07.184  INFO 51588 --- [restartedMain] .d.s.w.r.o.CachingOperationNameGenerator : Generating unique operation named: CreateUsingPOST_2
2019-12-16 00:03:07.199  INFO 51588 --- [restartedMain] .d.s.w.r.o.CachingOperationNameGenerator : Generating unique operation named: ListUsingGET_1
2019-12-16 00:03:07.268 ERROR 51588 --- [restartedMain] org.apache.catalina.util.LifecycleBase   : Failed to start component [Connector[HTTP/1.1-8080]]

org.apache.catalina.LifecycleException: Protocol handler start failed
	at org.apache.catalina.connector.Connector.startInternal(Connector.java:960) ~[tomcat-embed-core-9.0.12.jar:9.0.12]
	at org.apache.catalina.util.LifecycleBase.start(LifecycleBase.java:183) ~[tomcat-embed-core-9.0.12.jar:9.0.12]
	at org.apache.catalina.core.StandardService.addConnector(StandardService.java:225) [tomcat-embed-core-9.0.12.jar:9.0.12]
	at org.springframework.boot.web.embedded.tomcat.TomcatWebServer.addPreviouslyRemovedConnectors(TomcatWebServer.java:259) [spring-boot-2.1.0.RELEASE.jar:2.1.0.RELEASE]
	at org.springframework.boot.web.embedded.tomcat.TomcatWebServer.start(TomcatWebServer.java:197) [spring-boot-2.1.0.RELEASE.jar:2.1.0.RELEASE]
	at org.springframework.boot.web.servlet.context.ServletWebServerApplicationContext.startWebServer(ServletWebServerApplicationContext.java:300) [spring-boot-2.1.0.RELEASE.jar:2.1.0.RELEASE]
	at org.springframework.boot.web.servlet.context.ServletWebServerApplicationContext.finishRefresh(ServletWebServerApplicationContext.java:162) [spring-boot-2.1.0.RELEASE.jar:2.1.0.RELEASE]
	at org.springframework.context.support.AbstractApplicationContext.refresh(AbstractApplicationContext.java:549) [spring-context-5.1.2.RELEASE.jar:5.1.2.RELEASE]
	at org.springframework.boot.web.servlet.context.ServletWebServerApplicationContext.refresh(ServletWebServerApplicationContext.java:140) [spring-boot-2.1.0.RELEASE.jar:2.1.0.RELEASE]
	at org.springframework.boot.SpringApplication.refresh(SpringApplication.java:775) [spring-boot-2.1.0.RELEASE.jar:2.1.0.RELEASE]
	at org.springframework.boot.SpringApplication.refreshContext(SpringApplication.java:397) [spring-boot-2.1.0.RELEASE.jar:2.1.0.RELEASE]
	at org.springframework.boot.SpringApplication.run(SpringApplication.java:316) [spring-boot-2.1.0.RELEASE.jar:2.1.0.RELEASE]
	at org.springframework.boot.SpringApplication.run(SpringApplication.java:1260) [spring-boot-2.1.0.RELEASE.jar:2.1.0.RELEASE]
	at org.springframework.boot.SpringApplication.run(SpringApplication.java:1248) [spring-boot-2.1.0.RELEASE.jar:2.1.0.RELEASE]
	at com.invillia.acme.InvilliaApplication.main(InvilliaApplication.java:10) [classes/:na]
	at sun.reflect.NativeMethodAccessorImpl.invoke0(Native Method) ~[na:1.8.0_211]
	at sun.reflect.NativeMethodAccessorImpl.invoke(NativeMethodAccessorImpl.java:62) ~[na:1.8.0_211]
	at sun.reflect.DelegatingMethodAccessorImpl.invoke(DelegatingMethodAccessorImpl.java:43) ~[na:1.8.0_211]
	at java.lang.reflect.Method.invoke(Method.java:498) ~[na:1.8.0_211]
	at org.springframework.boot.devtools.restart.RestartLauncher.run(RestartLauncher.java:49) [spring-boot-devtools-2.1.0.RELEASE.jar:2.1.0.RELEASE]
Caused by: java.net.BindException: Address already in use: bind
	at sun.nio.ch.Net.bind0(Native Method) ~[na:1.8.0_211]
	at sun.nio.ch.Net.bind(Net.java:433) ~[na:1.8.0_211]
	at sun.nio.ch.Net.bind(Net.java:425) ~[na:1.8.0_211]
	at sun.nio.ch.ServerSocketChannelImpl.bind(ServerSocketChannelImpl.java:223) ~[na:1.8.0_211]
	at sun.nio.ch.ServerSocketAdaptor.bind(ServerSocketAdaptor.java:74) ~[na:1.8.0_211]
	at org.apache.tomcat.util.net.NioEndpoint.initServerSocket(NioEndpoint.java:236) ~[tomcat-embed-core-9.0.12.jar:9.0.12]
	at org.apache.tomcat.util.net.NioEndpoint.bind(NioEndpoint.java:210) ~[tomcat-embed-core-9.0.12.jar:9.0.12]
	at org.apache.tomcat.util.net.AbstractEndpoint.start(AbstractEndpoint.java:1108) ~[tomcat-embed-core-9.0.12.jar:9.0.12]
	at org.apache.coyote.AbstractProtocol.start(AbstractProtocol.java:550) ~[tomcat-embed-core-9.0.12.jar:9.0.12]
	at org.apache.catalina.connector.Connector.startInternal(Connector.java:957) ~[tomcat-embed-core-9.0.12.jar:9.0.12]
	... 19 common frames omitted

2019-12-16 00:03:07.281  INFO 51588 --- [restartedMain] o.apache.catalina.core.StandardService   : Stopping service [Tomcat]
2019-12-16 00:03:07.304  INFO 51588 --- [restartedMain] ConditionEvaluationReportLoggingListener : 

Error starting ApplicationContext. To display the conditions report re-run your application with 'debug' enabled.
2019-12-16 00:03:07.317 ERROR 51588 --- [restartedMain] o.s.b.d.LoggingFailureAnalysisReporter   : 

***************************
APPLICATION FAILED TO START
***************************

Description:

The Tomcat connector configured to listen on port 8080 failed to start. The port may already be in use or the connector may be misconfigured.

Action:

Verify the connector's configuration, identify and stop any process that's listening on port 8080, or configure this application to listen on another port.

2019-12-16 00:03:07.326  INFO 51588 --- [restartedMain] o.s.s.concurrent.ThreadPoolTaskExecutor  : Shutting down ExecutorService 'applicationTaskExecutor'
2019-12-16 00:03:07.332  INFO 51588 --- [restartedMain] j.LocalContainerEntityManagerFactoryBean : Closing JPA EntityManagerFactory for persistence unit 'default'
2019-12-16 00:03:07.339  INFO 51588 --- [restartedMain] com.zaxxer.hikari.HikariDataSource       : HikariPool-1 - Shutdown initiated...
2019-12-16 00:03:07.354  INFO 51588 --- [restartedMain] com.zaxxer.hikari.HikariDataSource       : HikariPool-1 - Shutdown completed.
2019-12-16 00:03:23.908  INFO 18372 --- [restartedMain] com.invillia.acme.InvilliaApplication    : Starting InvilliaApplication on DESKTOP-70POKHP with PID 18372 (started by junior in C:\desafio invillia\backend-challenge)
2019-12-16 00:03:23.915  INFO 18372 --- [restartedMain] com.invillia.acme.InvilliaApplication    : No active profile set, falling back to default profiles: default
2019-12-16 00:03:24.009  INFO 18372 --- [restartedMain] .e.DevToolsPropertyDefaultsPostProcessor : Devtools property defaults active! Set 'spring.devtools.add-properties' to 'false' to disable
2019-12-16 00:03:24.010  INFO 18372 --- [restartedMain] .e.DevToolsPropertyDefaultsPostProcessor : For additional web related logging consider setting the 'logging.level.web' property to 'DEBUG'
2019-12-16 00:03:26.545  INFO 18372 --- [restartedMain] .s.d.r.c.RepositoryConfigurationDelegate : Bootstrapping Spring Data repositories in DEFAULT mode.
2019-12-16 00:03:26.612  INFO 18372 --- [restartedMain] .s.d.r.c.RepositoryConfigurationDelegate : Finished Spring Data repository scanning in 50ms. Found 0 repository interfaces.
2019-12-16 00:03:27.436  INFO 18372 --- [restartedMain] trationDelegate$BeanPostProcessorChecker : Bean 'org.springframework.transaction.annotation.ProxyTransactionManagementConfiguration' of type [org.springframework.transaction.annotation.ProxyTransactionManagementConfiguration$$EnhancerBySpringCGLIB$$bccb5d0e] is not eligible for getting processed by all BeanPostProcessors (for example: not eligible for auto-proxying)
2019-12-16 00:03:28.242  INFO 18372 --- [restartedMain] o.s.b.w.embedded.tomcat.TomcatWebServer  : Tomcat initialized with port(s): 8080 (http)
2019-12-16 00:03:28.280  INFO 18372 --- [restartedMain] o.apache.catalina.core.StandardService   : Starting service [Tomcat]
2019-12-16 00:03:28.282  INFO 18372 --- [restartedMain] org.apache.catalina.core.StandardEngine  : Starting Servlet Engine: Apache Tomcat/9.0.12
2019-12-16 00:03:28.298  INFO 18372 --- [restartedMain] o.a.catalina.core.AprLifecycleListener   : The APR based Apache Tomcat Native library which allows optimal performance in production environments was not found on the java.library.path: [C:\Program Files\Java\jdk1.8.0_211\bin;C:\WINDOWS\Sun\Java\bin;C:\WINDOWS\system32;C:\WINDOWS;C:/Program Files/Java/jre1.8.0_211/bin/server;C:/Program Files/Java/jre1.8.0_211/bin;C:/Program Files/Java/jre1.8.0_211/lib/amd64;C:\ProgramData\DockerDesktop\version-bin;C:\Program Files\Docker\Docker\Resources\bin;C:\Program Files (x86)\Common Files\Oracle\Java\javapath;C:\WINDOWS\system32;C:\WINDOWS;C:\WINDOWS\System32\Wbem;C:\WINDOWS\System32\WindowsPowerShell\v1.0\;C:\WINDOWS\System32\OpenSSH\;C:\Users\junior\AppData\Local\Microsoft\WindowsApps;C:\Program Files\MongoDB\Server\4.2\bin;;C:\Users\junior\Downloads\spring-tool-suite-4-4.4.0.RELEASE-e4.13.0-win32.win32.x86_64\sts-4.4.0.RELEASE;;.]
2019-12-16 00:03:28.593  INFO 18372 --- [restartedMain] o.a.c.c.C.[Tomcat].[localhost].[/]       : Initializing Spring embedded WebApplicationContext
2019-12-16 00:03:28.594 DEBUG 18372 --- [restartedMain] o.s.web.context.ContextLoader            : Published root WebApplicationContext as ServletContext attribute with name [org.springframework.web.context.WebApplicationContext.ROOT]
2019-12-16 00:03:28.594  INFO 18372 --- [restartedMain] o.s.web.context.ContextLoader            : Root WebApplicationContext: initialization completed in 4584 ms
2019-12-16 00:03:28.661  INFO 18372 --- [restartedMain] o.s.b.w.servlet.ServletRegistrationBean  : Servlet dispatcherServlet mapped to [/]
2019-12-16 00:03:28.674  INFO 18372 --- [restartedMain] o.s.b.w.servlet.FilterRegistrationBean   : Mapping filter: 'characterEncodingFilter' to: [/*]
2019-12-16 00:03:28.676  INFO 18372 --- [restartedMain] o.s.b.w.servlet.FilterRegistrationBean   : Mapping filter: 'hiddenHttpMethodFilter' to: [/*]
2019-12-16 00:03:28.677  INFO 18372 --- [restartedMain] o.s.b.w.servlet.FilterRegistrationBean   : Mapping filter: 'formContentFilter' to: [/*]
2019-12-16 00:03:28.677  INFO 18372 --- [restartedMain] o.s.b.w.servlet.FilterRegistrationBean   : Mapping filter: 'requestContextFilter' to: [/*]
2019-12-16 00:03:28.946  INFO 18372 --- [restartedMain] com.zaxxer.hikari.HikariDataSource       : HikariPool-1 - Starting...
2019-12-16 00:03:29.213  INFO 18372 --- [restartedMain] com.zaxxer.hikari.HikariDataSource       : HikariPool-1 - Start completed.
2019-12-16 00:03:29.495  INFO 18372 --- [restartedMain] o.hibernate.jpa.internal.util.LogHelper  : HHH000204: Processing PersistenceUnitInfo [
	name: default
	...]
2019-12-16 00:03:29.717  INFO 18372 --- [restartedMain] org.hibernate.Version                    : HHH000412: Hibernate Core {5.3.7.Final}
2019-12-16 00:03:29.723  INFO 18372 --- [restartedMain] org.hibernate.cfg.Environment            : HHH000206: hibernate.properties not found
2019-12-16 00:03:30.163  INFO 18372 --- [restartedMain] o.hibernate.annotations.common.Version   : HCANN000001: Hibernate Commons Annotations {5.0.4.Final}
2019-12-16 00:03:30.639  INFO 18372 --- [restartedMain] org.hibernate.dialect.Dialect            : HHH000400: Using dialect: org.hibernate.dialect.PostgreSQLDialect
2019-12-16 00:03:31.015  INFO 18372 --- [restartedMain] o.h.e.j.e.i.LobCreatorBuilderImpl        : HHH000421: Disabling contextual LOB creation as hibernate.jdbc.lob.non_contextual_creation is true
2019-12-16 00:03:31.029  INFO 18372 --- [restartedMain] org.hibernate.type.BasicTypeRegistry     : HHH000270: Type registration [java.util.UUID] overrides previous : org.hibernate.type.UUIDBinaryType@1a18a2f4
2019-12-16 00:03:33.054  INFO 18372 --- [restartedMain] j.LocalContainerEntityManagerFactoryBean : Initialized JPA EntityManagerFactory for persistence unit 'default'
2019-12-16 00:03:33.142  INFO 18372 --- [restartedMain] o.s.b.d.a.OptionalLiveReloadServer       : LiveReload server is running on port 35729
2019-12-16 00:03:33.808  WARN 18372 --- [restartedMain] aWebConfiguration$JpaWebMvcConfiguration : spring.jpa.open-in-view is enabled by default. Therefore, database queries may be performed during view rendering. Explicitly configure spring.jpa.open-in-view to disable this warning
2019-12-16 00:03:33.937 DEBUG 18372 --- [restartedMain] s.w.s.m.m.a.RequestMappingHandlerMapping : 14 mappings in 'requestMappingHandlerMapping'
2019-12-16 00:03:34.095  INFO 18372 --- [restartedMain] pertySourcedRequestMappingHandlerMapping : Mapped URL path [/v2/api-docs] onto method [public org.springframework.http.ResponseEntity<springfox.documentation.spring.web.json.Json> springfox.documentation.swagger2.web.Swagger2Controller.getDocumentation(java.lang.String,javax.servlet.http.HttpServletRequest)]
2019-12-16 00:03:34.210 DEBUG 18372 --- [restartedMain] o.s.w.s.handler.SimpleUrlHandlerMapping  : Patterns [/**/favicon.ico] in 'faviconHandlerMapping'
2019-12-16 00:03:34.440  INFO 18372 --- [restartedMain] o.s.s.concurrent.ThreadPoolTaskExecutor  : Initializing ExecutorService 'applicationTaskExecutor'
2019-12-16 00:03:34.507 DEBUG 18372 --- [restartedMain] s.w.s.m.m.a.RequestMappingHandlerAdapter : ControllerAdvice beans: 0 @ModelAttribute, 0 @InitBinder, 1 RequestBodyAdvice, 1, ResponseBodyAdvice
2019-12-16 00:03:34.576 DEBUG 18372 --- [restartedMain] o.s.w.s.handler.SimpleUrlHandlerMapping  : Patterns [/webjars/**, /**] in 'resourceHandlerMapping'
2019-12-16 00:03:34.596 DEBUG 18372 --- [restartedMain] .m.m.a.ExceptionHandlerExceptionResolver : ControllerAdvice beans: 0 @ExceptionHandler, 1 ResponseBodyAdvice
2019-12-16 00:03:34.896  INFO 18372 --- [restartedMain] d.s.w.p.DocumentationPluginsBootstrapper : Context refreshed
2019-12-16 00:03:34.947  INFO 18372 --- [restartedMain] d.s.w.p.DocumentationPluginsBootstrapper : Found 1 custom documentation plugin(s)
2019-12-16 00:03:35.038  INFO 18372 --- [restartedMain] s.d.s.w.s.ApiListingReferenceScanner     : Scanning for api listing references
2019-12-16 00:03:35.582  INFO 18372 --- [restartedMain] .d.s.w.r.o.CachingOperationNameGenerator : Generating unique operation named: CreateUsingPOST_1
2019-12-16 00:03:35.599  INFO 18372 --- [restartedMain] .d.s.w.r.o.CachingOperationNameGenerator : Generating unique operation named: CreateUsingPOST_2
2019-12-16 00:03:35.630  INFO 18372 --- [restartedMain] .d.s.w.r.o.CachingOperationNameGenerator : Generating unique operation named: ListUsingGET_1
2019-12-16 00:03:35.766  INFO 18372 --- [restartedMain] o.s.b.w.embedded.tomcat.TomcatWebServer  : Tomcat started on port(s): 8080 (http) with context path ''
2019-12-16 00:03:35.781  INFO 18372 --- [restartedMain] com.invillia.acme.InvilliaApplication    : Started InvilliaApplication in 12.65 seconds (JVM running for 14.744)
2019-12-16 00:03:44.703  INFO 41708 --- [main] c.i.acme.service.PaymentServiceTest      : Starting PaymentServiceTest on DESKTOP-70POKHP with PID 41708 (started by junior in C:\desafio invillia\backend-challenge)
2019-12-16 00:03:44.719  INFO 41708 --- [main] c.i.acme.service.PaymentServiceTest      : No active profile set, falling back to default profiles: default
2019-12-16 00:03:44.827 DEBUG 41708 --- [main] o.s.w.c.s.GenericWebApplicationContext   : Refreshing org.springframework.web.context.support.GenericWebApplicationContext@229c6181
2019-12-16 00:03:48.532  INFO 41708 --- [main] .s.d.r.c.RepositoryConfigurationDelegate : Bootstrapping Spring Data repositories in DEFAULT mode.
2019-12-16 00:03:48.615  INFO 41708 --- [main] .s.d.r.c.RepositoryConfigurationDelegate : Finished Spring Data repository scanning in 60ms. Found 0 repository interfaces.
2019-12-16 00:03:50.057  INFO 41708 --- [main] trationDelegate$BeanPostProcessorChecker : Bean 'org.springframework.transaction.annotation.ProxyTransactionManagementConfiguration' of type [org.springframework.transaction.annotation.ProxyTransactionManagementConfiguration$$EnhancerBySpringCGLIB$$8d5d9963] is not eligible for getting processed by all BeanPostProcessors (for example: not eligible for auto-proxying)
2019-12-16 00:03:50.807  INFO 41708 --- [main] com.zaxxer.hikari.HikariDataSource       : HikariPool-1 - Starting...
2019-12-16 00:03:51.308  INFO 41708 --- [main] com.zaxxer.hikari.HikariDataSource       : HikariPool-1 - Start completed.
2019-12-16 00:03:51.800  INFO 41708 --- [main] o.hibernate.jpa.internal.util.LogHelper  : HHH000204: Processing PersistenceUnitInfo [
	name: default
	...]
2019-12-16 00:03:52.182  INFO 41708 --- [main] org.hibernate.Version                    : HHH000412: Hibernate Core {5.3.7.Final}
2019-12-16 00:03:52.198  INFO 41708 --- [main] org.hibernate.cfg.Environment            : HHH000206: hibernate.properties not found
2019-12-16 00:03:53.283  INFO 41708 --- [main] o.hibernate.annotations.common.Version   : HCANN000001: Hibernate Commons Annotations {5.0.4.Final}
2019-12-16 00:03:54.214  INFO 41708 --- [main] org.hibernate.dialect.Dialect            : HHH000400: Using dialect: org.hibernate.dialect.PostgreSQLDialect
2019-12-16 00:03:54.776  INFO 41708 --- [main] o.h.e.j.e.i.LobCreatorBuilderImpl        : HHH000421: Disabling contextual LOB creation as hibernate.jdbc.lob.non_contextual_creation is true
2019-12-16 00:03:54.802  INFO 41708 --- [main] org.hibernate.type.BasicTypeRegistry     : HHH000270: Type registration [java.util.UUID] overrides previous : org.hibernate.type.UUIDBinaryType@7ebe2e47
2019-12-16 00:03:54.990  INFO 18372 --- [http-nio-8080-exec-1] o.a.c.c.C.[Tomcat].[localhost].[/]       : Initializing Spring DispatcherServlet 'dispatcherServlet'
2019-12-16 00:03:54.991  INFO 18372 --- [http-nio-8080-exec-1] o.s.web.servlet.DispatcherServlet        : Initializing Servlet 'dispatcherServlet'
2019-12-16 00:03:54.992 DEBUG 18372 --- [http-nio-8080-exec-1] o.s.web.servlet.DispatcherServlet        : Detected StandardServletMultipartResolver
2019-12-16 00:03:55.030 DEBUG 18372 --- [http-nio-8080-exec-1] o.s.web.servlet.DispatcherServlet        : enableLoggingRequestDetails='false': request parameters and headers will be masked to prevent unsafe logging of potentially sensitive data
2019-12-16 00:03:55.032  INFO 18372 --- [http-nio-8080-exec-1] o.s.web.servlet.DispatcherServlet        : Completed initialization in 40 ms
2019-12-16 00:03:55.080 DEBUG 18372 --- [http-nio-8080-exec-1] o.s.web.servlet.DispatcherServlet        : GET "/swagger-ui.html", parameters={}
2019-12-16 00:03:55.120 DEBUG 18372 --- [http-nio-8080-exec-1] o.s.w.s.handler.SimpleUrlHandlerMapping  : Mapped to ResourceHttpRequestHandler ["classpath:/META-INF/resources/", "classpath:/resources/", "classpath:/static/", "classpath:/public/", "/"]
2019-12-16 00:03:55.639 DEBUG 18372 --- [http-nio-8080-exec-1] o.s.web.servlet.DispatcherServlet        : Completed 304 NOT_MODIFIED
2019-12-16 00:03:57.101 DEBUG 18372 --- [http-nio-8080-exec-3] o.s.web.servlet.DispatcherServlet        : GET "/swagger-resources/configuration/ui", parameters={}
2019-12-16 00:03:57.098 DEBUG 18372 --- [http-nio-8080-exec-2] o.s.web.servlet.DispatcherServlet        : GET "/webjars/springfox-swagger-ui/favicon-32x32.png?v=2.9.2", parameters={masked}
2019-12-16 00:03:57.108 DEBUG 18372 --- [http-nio-8080-exec-2] o.s.w.s.handler.SimpleUrlHandlerMapping  : Mapped to ResourceHttpRequestHandler ["classpath:/META-INF/resources/webjars/"]
2019-12-16 00:03:57.110 DEBUG 18372 --- [http-nio-8080-exec-3] s.w.s.m.m.a.RequestMappingHandlerMapping : Mapped to public org.springframework.http.ResponseEntity<springfox.documentation.swagger.web.UiConfiguration> springfox.documentation.swagger.web.ApiResourceController.uiConfiguration()
2019-12-16 00:03:57.182 DEBUG 18372 --- [http-nio-8080-exec-2] o.s.web.servlet.DispatcherServlet        : Completed 200 OK
2019-12-16 00:03:57.320 DEBUG 18372 --- [http-nio-8080-exec-3] o.s.w.s.m.m.a.HttpEntityMethodProcessor  : Using 'application/json', given [application/json] and supported [application/json, application/*+json, application/json, application/*+json]
2019-12-16 00:03:57.343 DEBUG 18372 --- [http-nio-8080-exec-3] o.s.w.s.m.m.a.HttpEntityMethodProcessor  : Writing [springfox.documentation.swagger.web.UiConfiguration@5882c7ef]
2019-12-16 00:03:57.378 DEBUG 18372 --- [http-nio-8080-exec-3] o.s.web.servlet.DispatcherServlet        : Completed 200 OK
2019-12-16 00:03:57.397 DEBUG 18372 --- [http-nio-8080-exec-5] o.s.web.servlet.DispatcherServlet        : GET "/swagger-resources/configuration/security", parameters={}
2019-12-16 00:03:57.399 DEBUG 18372 --- [http-nio-8080-exec-5] s.w.s.m.m.a.RequestMappingHandlerMapping : Mapped to public org.springframework.http.ResponseEntity<springfox.documentation.swagger.web.SecurityConfiguration> springfox.documentation.swagger.web.ApiResourceController.securityConfiguration()
2019-12-16 00:03:57.415 DEBUG 18372 --- [http-nio-8080-exec-5] o.s.w.s.m.m.a.HttpEntityMethodProcessor  : Using 'application/json', given [application/json] and supported [application/json, application/*+json, application/json, application/*+json]
2019-12-16 00:03:57.416 DEBUG 18372 --- [http-nio-8080-exec-5] o.s.w.s.m.m.a.HttpEntityMethodProcessor  : Writing [springfox.documentation.swagger.web.SecurityConfiguration@7f3591ee]
2019-12-16 00:03:57.418 DEBUG 18372 --- [http-nio-8080-exec-5] o.s.web.servlet.DispatcherServlet        : Completed 200 OK
2019-12-16 00:03:57.438 DEBUG 18372 --- [http-nio-8080-exec-6] o.s.web.servlet.DispatcherServlet        : GET "/swagger-resources", parameters={}
2019-12-16 00:03:57.439 DEBUG 18372 --- [http-nio-8080-exec-6] s.w.s.m.m.a.RequestMappingHandlerMapping : Mapped to public org.springframework.http.ResponseEntity<java.util.List<springfox.documentation.swagger.web.SwaggerResource>> springfox.documentation.swagger.web.ApiResourceController.swaggerResources()
2019-12-16 00:03:57.445 DEBUG 18372 --- [http-nio-8080-exec-6] o.s.w.s.m.m.a.HttpEntityMethodProcessor  : Using 'application/json', given [application/json] and supported [application/json, application/*+json, application/json, application/*+json]
2019-12-16 00:03:57.446 DEBUG 18372 --- [http-nio-8080-exec-6] o.s.w.s.m.m.a.HttpEntityMethodProcessor  : Writing [[springfox.documentation.swagger.web.SwaggerResource@307114b4]]
2019-12-16 00:03:57.453 DEBUG 18372 --- [http-nio-8080-exec-6] o.s.web.servlet.DispatcherServlet        : Completed 200 OK
2019-12-16 00:03:57.623 DEBUG 18372 --- [http-nio-8080-exec-7] o.s.web.servlet.DispatcherServlet        : GET "/v2/api-docs", parameters={}
2019-12-16 00:03:57.628 DEBUG 18372 --- [http-nio-8080-exec-9] o.s.web.servlet.DispatcherServlet        : GET "/", parameters={}
2019-12-16 00:03:57.630 DEBUG 18372 --- [http-nio-8080-exec-9] o.s.w.s.handler.SimpleUrlHandlerMapping  : Mapped to ResourceHttpRequestHandler ["classpath:/META-INF/resources/", "classpath:/resources/", "classpath:/static/", "classpath:/public/", "/"]
2019-12-16 00:03:57.631 DEBUG 18372 --- [http-nio-8080-exec-9] o.s.w.s.r.ResourceHttpRequestHandler     : Resource not found
2019-12-16 00:03:57.631 DEBUG 18372 --- [http-nio-8080-exec-9] o.s.web.servlet.DispatcherServlet        : Completed 404 NOT_FOUND
2019-12-16 00:03:57.646 DEBUG 18372 --- [http-nio-8080-exec-9] o.s.web.servlet.DispatcherServlet        : "ERROR" dispatch for GET "/error", parameters={}
2019-12-16 00:03:57.664 DEBUG 18372 --- [http-nio-8080-exec-9] s.w.s.m.m.a.RequestMappingHandlerMapping : Mapped to public org.springframework.http.ResponseEntity<java.util.Map<java.lang.String, java.lang.Object>> org.springframework.boot.autoconfigure.web.servlet.error.BasicErrorController.error(javax.servlet.http.HttpServletRequest)
2019-12-16 00:03:57.682 DEBUG 18372 --- [http-nio-8080-exec-9] o.s.w.s.m.m.a.HttpEntityMethodProcessor  : Using 'application/json', given [*/*] and supported [application/json, application/*+json, application/json, application/*+json]
2019-12-16 00:03:57.683 DEBUG 18372 --- [http-nio-8080-exec-9] o.s.w.s.m.m.a.HttpEntityMethodProcessor  : Writing [{timestamp=Mon Dec 16 00:03:57 BRST 2019, status=404, error=Not Found, message=No message available, path=/}]
2019-12-16 00:03:57.695 DEBUG 18372 --- [http-nio-8080-exec-9] o.s.web.servlet.DispatcherServlet        : Exiting from "ERROR" dispatch, status 404
2019-12-16 00:03:57.770 DEBUG 18372 --- [http-nio-8080-exec-8] o.s.web.servlet.DispatcherServlet        : GET "/csrf", parameters={}
2019-12-16 00:03:57.773 DEBUG 18372 --- [http-nio-8080-exec-8] o.s.w.s.handler.SimpleUrlHandlerMapping  : Mapped to ResourceHttpRequestHandler ["classpath:/META-INF/resources/", "classpath:/resources/", "classpath:/static/", "classpath:/public/", "/"]
2019-12-16 00:03:57.777 DEBUG 18372 --- [http-nio-8080-exec-8] o.s.w.s.r.ResourceHttpRequestHandler     : Resource not found
2019-12-16 00:03:57.778 DEBUG 18372 --- [http-nio-8080-exec-8] o.s.web.servlet.DispatcherServlet        : Completed 404 NOT_FOUND
2019-12-16 00:03:57.779 DEBUG 18372 --- [http-nio-8080-exec-8] o.s.web.servlet.DispatcherServlet        : "ERROR" dispatch for GET "/error", parameters={}
2019-12-16 00:03:57.780 DEBUG 18372 --- [http-nio-8080-exec-8] s.w.s.m.m.a.RequestMappingHandlerMapping : Mapped to public org.springframework.http.ResponseEntity<java.util.Map<java.lang.String, java.lang.Object>> org.springframework.boot.autoconfigure.web.servlet.error.BasicErrorController.error(javax.servlet.http.HttpServletRequest)
2019-12-16 00:03:57.782 DEBUG 18372 --- [http-nio-8080-exec-8] o.s.w.s.m.m.a.HttpEntityMethodProcessor  : Using 'application/json', given [*/*] and supported [application/json, application/*+json, application/json, application/*+json]
2019-12-16 00:03:57.783 DEBUG 18372 --- [http-nio-8080-exec-8] o.s.w.s.m.m.a.HttpEntityMethodProcessor  : Writing [{timestamp=Mon Dec 16 00:03:57 BRST 2019, status=404, error=Not Found, message=No message available, path=/csrf}]
2019-12-16 00:03:57.786 DEBUG 18372 --- [http-nio-8080-exec-8] o.s.web.servlet.DispatcherServlet        : Exiting from "ERROR" dispatch, status 404
2019-12-16 00:03:57.971 DEBUG 18372 --- [http-nio-8080-exec-7] o.s.w.s.m.m.a.HttpEntityMethodProcessor  : Using 'application/json', given [application/json, */*] and supported [application/json, application/*+json, application/json, application/*+json]
2019-12-16 00:03:57.972 DEBUG 18372 --- [http-nio-8080-exec-7] o.s.w.s.m.m.a.HttpEntityMethodProcessor  : Writing [springfox.documentation.spring.web.json.Json@377e38b1]
2019-12-16 00:03:58.038 DEBUG 18372 --- [http-nio-8080-exec-7] o.s.web.servlet.DispatcherServlet        : Completed 200 OK
2019-12-16 00:03:59.644  INFO 41708 --- [main] j.LocalContainerEntityManagerFactoryBean : Initialized JPA EntityManagerFactory for persistence unit 'default'
2019-12-16 00:04:01.501  WARN 41708 --- [main] aWebConfiguration$JpaWebMvcConfiguration : spring.jpa.open-in-view is enabled by default. Therefore, database queries may be performed during view rendering. Explicitly configure spring.jpa.open-in-view to disable this warning
2019-12-16 00:04:01.893 DEBUG 41708 --- [main] s.w.s.m.m.a.RequestMappingHandlerMapping : 14 mappings in 'requestMappingHandlerMapping'
2019-12-16 00:04:02.846  INFO 41708 --- [main] pertySourcedRequestMappingHandlerMapping : Mapped URL path [/v2/api-docs] onto method [public org.springframework.http.ResponseEntity<springfox.documentation.spring.web.json.Json> springfox.documentation.swagger2.web.Swagger2Controller.getDocumentation(java.lang.String,javax.servlet.http.HttpServletRequest)]
2019-12-16 00:04:04.553 DEBUG 41708 --- [main] o.s.w.s.handler.SimpleUrlHandlerMapping  : Patterns [/**/favicon.ico] in 'faviconHandlerMapping'
2019-12-16 00:04:05.961  INFO 41708 --- [main] o.s.s.concurrent.ThreadPoolTaskExecutor  : Initializing ExecutorService 'applicationTaskExecutor'
2019-12-16 00:04:06.109 DEBUG 41708 --- [main] s.w.s.m.m.a.RequestMappingHandlerAdapter : ControllerAdvice beans: 0 @ModelAttribute, 0 @InitBinder, 1 RequestBodyAdvice, 1, ResponseBodyAdvice
2019-12-16 00:04:06.529 DEBUG 41708 --- [main] o.s.w.s.handler.SimpleUrlHandlerMapping  : Patterns [/webjars/**, /**] in 'resourceHandlerMapping'
2019-12-16 00:04:06.583 DEBUG 41708 --- [main] .m.m.a.ExceptionHandlerExceptionResolver : ControllerAdvice beans: 0 @ExceptionHandler, 1 ResponseBodyAdvice
2019-12-16 00:04:08.727  INFO 41708 --- [main] d.s.w.p.DocumentationPluginsBootstrapper : Context refreshed
2019-12-16 00:04:08.818  INFO 41708 --- [main] d.s.w.p.DocumentationPluginsBootstrapper : Found 1 custom documentation plugin(s)
2019-12-16 00:04:08.951  INFO 41708 --- [main] s.d.s.w.s.ApiListingReferenceScanner     : Scanning for api listing references
2019-12-16 00:04:09.559  INFO 41708 --- [main] .d.s.w.r.o.CachingOperationNameGenerator : Generating unique operation named: CreateUsingPOST_1
2019-12-16 00:04:09.574  INFO 41708 --- [main] .d.s.w.r.o.CachingOperationNameGenerator : Generating unique operation named: CreateUsingPOST_2
2019-12-16 00:04:09.604  INFO 41708 --- [main] .d.s.w.r.o.CachingOperationNameGenerator : Generating unique operation named: ListUsingGET_1
2019-12-16 00:04:09.677  INFO 41708 --- [main] c.i.acme.service.PaymentServiceTest      : Started PaymentServiceTest in 26.077 seconds (JVM running for 29.169)
2019-12-16 00:04:11.461  INFO 41708 --- [main] o.h.h.i.QueryTranslatorFactoryInitiator  : HHH000397: Using ASTQueryTranslatorFactory
2019-12-16 00:04:12.218 DEBUG 41708 --- [Thread-5] o.s.w.c.s.GenericWebApplicationContext   : Closing org.springframework.web.context.support.GenericWebApplicationContext@229c6181, started on Mon Dec 16 00:03:44 BRST 2019
2019-12-16 00:04:12.231  INFO 41708 --- [Thread-5] o.s.s.concurrent.ThreadPoolTaskExecutor  : Shutting down ExecutorService 'applicationTaskExecutor'
2019-12-16 00:04:12.248  INFO 41708 --- [Thread-5] j.LocalContainerEntityManagerFactoryBean : Closing JPA EntityManagerFactory for persistence unit 'default'
2019-12-16 00:04:12.263  INFO 41708 --- [Thread-5] com.zaxxer.hikari.HikariDataSource       : HikariPool-1 - Shutdown initiated...
2019-12-16 00:04:12.309  INFO 41708 --- [Thread-5] com.zaxxer.hikari.HikariDataSource       : HikariPool-1 - Shutdown completed.
